Sending build context to Docker daemon 3.584 kB
Step 1 : FROM stdenv_tools
 ---> d5001ffaeae0
Step 2 : RUN yum install -y nodejs npm
 ---> Using cache
 ---> 690672c56e44
Step 3 : RUN yum update  -y openssl
 ---> Using cache
 ---> 66627f2b8c51
Step 4 : RUN yum install -y gcc gcc-c++
 ---> Using cache
 ---> 51577e2e4cf8
Step 5 : RUN npm install -g local-npm
 ---> Using cache
 ---> 98a105e1f997
Step 6 : RUN local-npm || echo "continue anyway"
 ---> Running in 26ef53757370
 Welcome!
 To start using local-npm, just run: 
    $ npm set registry http://127.0.0.1:5080
 To switch back, you can run: 
    $ npm set registry https://registry.npmjs.org
 
A simple npm-like UI is available here
 http://127.0.0.1:5080/_browse
info:  PouchDB Server listening on port 16984.
 http://localhost:16984/_utils
sync:  218,0
sync:  430,0.01
sync:  640,0.01
sync:  860,0.02
sync:  1072,0.03
sync:  1287,0.03
sync:  1499,0.04
sync:  1708,0.04
sync:  1923,0.05
sync:  2134,0.06
sync:  2345,0.06
sync:  2559,0.07
sync:  2785,0.08
sync:  3001,0.08
sync:  3212,0.09
sync:  3419,0.09
sync:  3626,0.1
sync:  3833,0.11
sync:  4040,0.11
sync:  4251,0.12
sync:  4460,0.12
sync:  4665,0.13
sync:  4875,0.14
sync:  5087,0.14
sync:  5302,0.15
sync:  5512,0.15
sync:  5724,0.16
sync:  5937,0.17
sync:  6151,0.17
sync:  6367,0.18
sync:  6578,0.18
sync:  6788,0.19
sync:  7002,0.2
sync:  7224,0.2
sync:  7430,0.21
sync:  7645,0.21
sync:  7862,0.22
sync:  8078,0.23
sync:  8290,0.23
sync:  8496,0.24
sync:  8706,0.25
sync:  8929,0.25
sync:  9136,0.26
sync:  9340,0.26
sync:  9555,0.27
sync:  9762,0.28
sync:  9979,0.28
sync:  10191,0.29
sync:  10399,0.29
sync:  10618,0.3
sync:  10839,0.31
sync:  11056,0.31
sync:  11272,0.32
sync:  11487,0.33
sync:  11695,0.33
sync:  11910,0.34
sync:  12123,0.34
sync:  12334,0.35
sync:  12544,0.36
sync:  12750,0.36
sync:  12966,0.37
sync:  13182,0.37
sync:  13394,0.38
sync:  13606,0.39
sync:  13814,0.39
sync:  14027,0.4
sync:  14236,0.4
sync:  14447,0.41
sync:  14664,0.42
sync:  14887,0.42
sync:  15108,0.43
sync:  15315,0.43
sync:  15524,0.44
sync:  15734,0.45
sync:  15942,0.45
sync:  16153,0.46
sync:  16363,0.47
sync:  16575,0.47
sync:  16793,0.48
sync:  17003,0.48
sync:  17220,0.49
sync:  17424,0.5
sync:  17635,0.5
sync:  17846,0.51
sync:  18059,0.51
sync:  18269,0.52
sync:  18487,0.53
sync:  18697,0.53
sync:  18907,0.54
sync:  19124,0.54
sync:  19338,0.55
sync:  19563,0.56
sync:  19772,0.56
sync:  19986,0.57
sync:  20205,0.58
sync:  20418,0.58
sync:  20622,0.59
sync:  20830,0.59
sync:  21047,0.6
sync:  21264,0.61
sync:  21482,0.61
sync:  21691,0.62
sync:  21906,0.62
sync:  22114,0.63
sync:  22327,0.64
sync:  22541,0.64
sync:  22763,0.65
sync:  22979,0.66
sync:  23184,0.66
sync:  23393,0.67
sync:  23601,0.67
sync:  23814,0.68
sync:  24030,0.69
sync:  24246,0.69
sync:  24456,0.7
sync:  24668,0.7
sync:  24875,0.71
sync:  25088,0.72
sync:  25302,0.72
sync:  25520,0.73
sync:  25732,0.73
sync:  25948,0.74
sync:  26163,0.75
sync:  26381,0.75
sync:  26588,0.76
sync:  26801,0.76
sync:  27026,0.77
sync:  27234,0.78
sync:  27443,0.78
sync:  27645,0.79
sync:  27854,0.8
sync:  28069,0.8
sync:  28284,0.81
sync:  28495,0.81
sync:  28712,0.82
sync:  28937,0.83
sync:  29160,0.83
sync:  29367,0.84
sync:  29587,0.84
sync:  29803,0.85
sync:  30015,0.86
sync:  30227,0.86
sync:  30443,0.87
sync:  30654,0.88
sync:  30868,0.88
sync:  31086,0.89
sync:  31300,0.89
sync:  31516,0.9
sync:  31729,0.91
sync:  31939,0.91
sync:  32162,0.92
sync:  32374,0.93
sync:  32582,0.93
sync:  32795,0.94
sync:  33021,0.94
sync:  33235,0.95
sync:  33451,0.96
sync:  33672,0.96
sync:  33890,0.97
sync:  34109,0.97
sync:  34324,0.98
sync:  34548,0.99
sync:  34759,0.99
sync:  34967,1
sync:  35177,1.01
sync:  35392,1.01
sync:  35615,1.02
sync:  35833,1.02
sync:  36040,1.03
sync:  36257,1.04
sync:  36473,1.04
sync:  36683,1.05
sync:  36900,1.06
sync:  37115,1.06
sync:  37335,1.07
sync:  37538,1.07
sync:  37742,1.08
sync:  37957,1.09
sync:  38173,1.09
sync:  38391,1.1
sync:  38600,1.1
sync:  38810,1.11
sync:  39029,1.12
sync:  39244,1.12
sync:  39454,1.13
sync:  39672,1.13
sync:  39891,1.14
sync:  40113,1.15
sync:  40351,1.15
sync:  40566,1.16
sync:  40784,1.17
sync:  41002,1.17
sync:  41208,1.18
sync:  41421,1.18
sync:  41631,1.19
sync:  41839,1.2
sync:  42051,1.2
sync:  42264,1.21
sync:  42479,1.22
sync:  42696,1.22
sync:  42907,1.23
sync:  43117,1.23
sync:  43338,1.24
sync:  43550,1.25
sync:  43756,1.25
sync:  43969,1.26
sync:  44174,1.26
sync:  44385,1.27
sync:  44601,1.28
sync:  44812,1.28
sync:  45026,1.29
sync:  45244,1.29
sync:  45455,1.3
sync:  45671,1.31
sync:  45880,1.31
sync:  46093,1.32
sync:  46308,1.33
sync:  46521,1.33
sync:  46732,1.34
sync:  46947,1.34
sync:  47160,1.35
sync:  47371,1.36
sync:  47584,1.36
sync:  47805,1.37
sync:  48015,1.37
sync:  48230,1.38
sync:  48439,1.39
sync:  48655,1.39
sync:  48868,1.4
sync:  49080,1.4
sync:  49294,1.41
sync:  49500,1.42
sync:  49723,1.42
sync:  49936,1.43
sync:  50146,1.44
sync:  50373,1.44
sync:  50590,1.45
sync:  50808,1.45
sync:  51021,1.46
sync:  51233,1.47
sync:  51465,1.47
sync:  51674,1.48
sync:  51890,1.49
sync:  52107,1.49
sync:  52318,1.5
sync:  52536,1.5
sync:  52755,1.51
sync:  52968,1.52
sync:  53182,1.52
sync:  53410,1.53
sync:  53640,1.54
sync:  53859,1.54
sync:  54074,1.55
sync:  54301,1.55
sync:  54516,1.56
sync:  54737,1.57
sync:  54957,1.57
sync:  55177,1.58
sync:  55384,1.59
sync:  55602,1.59
sync:  55815,1.6
sync:  56034,1.6
sync:  56248,1.61
sync:  56460,1.62
sync:  56682,1.62
sync:  56905,1.63
sync:  57133,1.64
sync:  57344,1.64
sync:  57561,1.65
sync:  57788,1.66
sync:  58008,1.66
sync:  58236,1.67
sync:  58458,1.67
sync:  58671,1.68
sync:  58898,1.69
sync:  59126,1.69
sync:  59334,1.7
sync:  59540,1.71
sync:  59758,1.71
sync:  59976,1.72
sync:  60190,1.72
sync:  60409,1.73
sync:  60617,1.74
sync:  60843,1.74
sync:  61058,1.75
sync:  61278,1.76
sync:  61500,1.76
sync:  61715,1.77
sync:  61933,1.77
sync:  62148,1.78
sync:  62360,1.79
sync:  62583,1.79
sync:  62801,1.8
sync:  63017,1.81
sync:  63236,1.81
sync:  63453,1.82
sync:  63670,1.82
sync:  63889,1.83
sync:  64100,1.84
sync:  64311,1.84
sync:  64533,1.85
sync:  64755,1.86
sync:  64973,1.86
sync:  65191,1.87
sync:  65405,1.87
sync:  65622,1.88
sync:  65846,1.89
sync:  66075,1.89
sync:  66296,1.9
sync:  66516,1.91
sync:  66734,1.91
sync:  66951,1.92
sync:  67176,1.92
sync:  67393,1.93
sync:  67611,1.94
sync:  67829,1.94
sync:  68050,1.95
sync:  68272,1.96
sync:  68494,1.96
sync:  68717,1.97
sync:  68930,1.98
sync:  69147,1.98
sync:  69370,1.99
sync:  69587,1.99
sync:  69805,2
sync:  70020,2.01
sync:  70237,2.01
sync:  70453,2.02
sync:  70674,2.03
sync:  70892,2.03
sync:  71110,2.04
sync:  71324,2.04
sync:  71545,2.05
sync:  71761,2.06
sync:  71980,2.06
sync:  72195,2.07
sync:  72418,2.08
sync:  72635,2.08
sync:  72886,2.09
sync:  73103,2.1
sync:  73309,2.1
sync:  73543,2.11
sync:  73766,2.11
sync:  73988,2.12
sync:  74201,2.13
sync:  74410,2.13
sync:  74639,2.14
sync:  74851,2.15
sync:  75073,2.15
sync:  75294,2.16
sync:  75515,2.16
sync:  75741,2.17
sync:  76043,2.18
sync:  76265,2.19
sync:  76493,2.19
sync:  76717,2.2
sync:  76929,2.21
sync:  77151,2.21
sync:  77379,2.22
sync:  77596,2.22
sync:  77806,2.23
sync:  78018,2.24
sync:  78239,2.24
sync:  78468,2.25
sync:  78694,2.26
sync:  78939,2.26
sync:  79164,2.27
sync:  79397,2.28
sync:  79615,2.28
sync:  79851,2.29
sync:  80075,2.3
sync:  80295,2.3
sync:  80531,2.31
sync:  80749,2.31
sync:  80978,2.32
sync:  81203,2.33
sync:  81424,2.33
sync:  81664,2.34
sync:  81886,2.35
sync:  82103,2.35
sync:  82323,2.36
sync:  82542,2.37
sync:  82777,2.37
sync:  82997,2.38
sync:  83217,2.39
sync:  83439,2.39
sync:  83654,2.4
sync:  83865,2.4
sync:  84085,2.41
sync:  84301,2.42
sync:  84523,2.42
sync:  84750,2.43
sync:  84969,2.44
sync:  85187,2.44
sync:  85402,2.45
sync:  85637,2.46
sync:  85855,2.46
sync:  86076,2.47
sync:  86303,2.47
sync:  86522,2.48
sync:  86744,2.49
sync:  86969,2.49
sync:  87186,2.5
sync:  87408,2.51
sync:  87631,2.51
sync:  87862,2.52
sync:  88087,2.53
sync:  88320,2.53
sync:  88545,2.54
sync:  88770,2.55
sync:  88984,2.55
sync:  89204,2.56
sync:  89428,2.56
sync:  89653,2.57
sync:  89875,2.58
sync:  90108,2.58
sync:  90345,2.59
sync:  90564,2.6
sync:  90784,2.6
sync:  91008,2.61
sync:  91241,2.62
sync:  91469,2.62
sync:  91690,2.63
sync:  91912,2.64
sync:  92136,2.64
sync:  92360,2.65
sync:  92587,2.65
sync:  92837,2.66
sync:  93054,2.67
sync:  93275,2.67
sync:  93502,2.68
sync:  93720,2.69
sync:  93942,2.69
sync:  94181,2.7
sync:  94401,2.71
sync:  94623,2.71
sync:  94850,2.72
sync:  95080,2.73
sync:  95310,2.73
sync:  95536,2.74
sync:  95750,2.75
sync:  95977,2.75
sync:  96238,2.76
sync:  96471,2.77
sync:  96692,2.77
sync:  96919,2.78
sync:  97146,2.79
sync:  97367,2.79
sync:  97595,2.8
sync:  97814,2.81
sync:  98037,2.81
sync:  98267,2.82
sync:  98499,2.82
sync:  98722,2.83
sync:  98935,2.84
sync:  99172,2.84
sync:  99388,2.85
sync:  99620,2.86
sync:  99846,2.86
sync:  100076,2.87
sync:  100303,2.88
sync:  100512,2.88
sync:  100734,2.89
sync:  100970,2.9
sync:  101196,2.9
sync:  101426,2.91
sync:  101648,2.92
sync:  101872,2.92
sync:  102116,2.93
sync:  102334,2.93
sync:  102552,2.94
sync:  102789,2.95
sync:  103016,2.95
sync:  103244,2.96
sync:  103470,2.97
sync:  103691,2.97
sync:  103913,2.98
sync:  104151,2.99
sync:  104377,2.99
sync:  104605,3
sync:  104841,3.01
sync:  105072,3.01
sync:  105292,3.02
sync:  105513,3.03
sync:  105734,3.03
sync:  105962,3.04
sync:  106196,3.05
sync:  106427,3.05
sync:  106655,3.06
sync:  106887,3.07
sync:  107119,3.07
sync:  107349,3.08
sync:  107582,3.09
sync:  107826,3.09
sync:  108049,3.1
sync:  108338,3.11
sync:  108592,3.11
sync:  108815,3.12
sync:  109048,3.13
sync:  109282,3.13
sync:  109501,3.14
sync:  109728,3.15
sync:  109955,3.15
sync:  110181,3.16
sync:  110418,3.17
sync:  110659,3.17
sync:  110889,3.18
sync:  111119,3.19
sync:  111351,3.19
sync:  111585,3.2
sync:  111831,3.21
sync:  112063,3.21
sync:  112300,3.22
sync:  112539,3.23
sync:  112766,3.23
sync:  112994,3.24
sync:  113222,3.25
sync:  113451,3.25
sync:  113688,3.26
sync:  113915,3.27
sync:  114147,3.27
sync:  114373,3.28
sync:  114611,3.29
sync:  114826,3.29
sync:  115069,3.3
sync:  115536,3.31
sync:  115770,3.32
sync:  116003,3.33
sync:  116227,3.33
sync:  116463,3.34
sync:  116697,3.35
sync:  116924,3.35
sync:  117157,3.36
sync:  117392,3.37
sync:  117611,3.37
sync:  117841,3.38
sync:  118066,3.39
sync:  118308,3.39
sync:  118530,3.4
sync:  118753,3.41
sync:  118990,3.41
sync:  119240,3.42
sync:  119471,3.43
sync:  119699,3.43
sync:  119925,3.44
sync:  120166,3.45
sync:  120414,3.45
sync:  120650,3.46
sync:  120882,3.47
sync:  121131,3.47
sync:  121361,3.48
sync:  121594,3.49
sync:  121824,3.49
sync:  122048,3.5
sync:  122284,3.51
sync:  122507,3.51
sync:  122748,3.52
sync:  122984,3.53
sync:  123227,3.54
sync:  123456,3.54
sync:  123687,3.55
sync:  123913,3.55
sync:  124124,3.56
sync:  124350,3.57
sync:  124586,3.57
sync:  124836,3.58
sync:  125076,3.59
sync:  125319,3.6
sync:  125543,3.6
sync:  125774,3.61
sync:  126000,3.61
sync:  126232,3.62
sync:  126474,3.63
sync:  126710,3.64
sync:  126936,3.64
sync:  127161,3.65
sync:  127392,3.65
sync:  127619,3.66
sync:  127862,3.67
sync:  128088,3.67
sync:  128318,3.68
sync:  128553,3.69
sync:  128841,3.7
sync:  129076,3.7
sync:  129303,3.71
sync:  129533,3.72
sync:  129757,3.72
sync:  129980,3.73
sync:  130205,3.74
sync:  130434,3.74
sync:  130668,3.75
sync:  130908,3.76
sync:  131156,3.76
sync:  131403,3.77
sync:  131653,3.78
sync:  131880,3.78
sync:  132113,3.79
sync:  132348,3.8
sync:  132574,3.8
sync:  132816,3.81
sync:  133038,3.82
sync:  133283,3.82
sync:  133490,3.83
sync:  133727,3.84
sync:  133966,3.84
sync:  134209,3.85
sync:  134471,3.86
sync:  134707,3.86
sync:  134929,3.87
sync:  135170,3.88
sync:  135403,3.88
sync:  135633,3.89
sync:  135874,3.9
sync:  136111,3.91
sync:  136342,3.91
sync:  136575,3.92
sync:  136814,3.93
sync:  137045,3.93
sync:  137269,3.94
sync:  137507,3.95
sync:  137745,3.95
sync:  137971,3.96
sync:  138220,3.97
sync:  138457,3.97
sync:  138696,3.98
sync:  138931,3.99
sync:  139155,3.99
sync:  139394,4
sync:  139617,4.01
sync:  139848,4.01
sync:  140073,4.02
sync:  140307,4.03
sync:  140560,4.03
sync:  140809,4.04
sync:  141043,4.05
sync:  141280,4.05
sync:  141518,4.06
sync:  141759,4.07
sync:  141991,4.07
sync:  142219,4.08
sync:  142465,4.09
sync:  142699,4.09
sync:  142950,4.1
sync:  143186,4.11
sync:  143418,4.12
sync:  143654,4.12
sync:  143883,4.13
sync:  144119,4.14
sync:  144362,4.14
sync:  144605,4.15
sync:  144847,4.16
sync:  145089,4.16
sync:  145331,4.17
sync:  145574,4.18
sync:  145808,4.18
sync:  146057,4.19
sync:  146315,4.2
sync:  146537,4.2
sync:  146788,4.21
sync:  147026,4.22
sync:  147264,4.23
sync:  147498,4.23
sync:  147737,4.24
sync:  147996,4.25
sync:  148237,4.25
sync:  148500,4.26
sync:  148755,4.27
sync:  148995,4.28
sync:  149241,4.28
sync:  149485,4.29
sync:  149726,4.3
sync:  149976,4.3
sync:  150229,4.31
sync:  150467,4.32
sync:  150714,4.32
sync:  150961,4.33
sync:  151193,4.34
sync:  151436,4.35
sync:  151668,4.35
sync:  151909,4.36
sync:  152141,4.37
sync:  152373,4.37
sync:  152625,4.38
sync:  152863,4.39
sync:  153095,4.39
sync:  153332,4.4
sync:  153583,4.41
sync:  153824,4.41
sync:  154061,4.42
sync:  154303,4.43
sync:  154551,4.44
sync:  154792,4.44
sync:  155039,4.45
sync:  155287,4.46
sync:  155545,4.46
sync:  155785,4.47
sync:  156025,4.48
sync:  156275,4.48
sync:  156525,4.49
sync:  156765,4.5
sync:  157022,4.51
sync:  157256,4.51
sync:  157478,4.52
sync:  157707,4.53
sync:  157961,4.53
sync:  158200,4.54
sync:  158458,4.55
sync:  158694,4.55
sync:  158931,4.56
sync:  159174,4.57
sync:  159432,4.58
sync:  159704,4.58
sync:  159943,4.59
sync:  160159,4.6
sync:  160419,4.6
sync:  160664,4.61
sync:  160915,4.62
sync:  161157,4.62
sync:  161394,4.63
sync:  161627,4.64
sync:  161870,4.65
sync:  162101,4.65
sync:  162330,4.66
sync:  162597,4.67
sync:  162848,4.67
sync:  163086,4.68
sync:  163328,4.69
sync:  163590,4.69
sync:  163828,4.7
sync:  164077,4.71
sync:  164327,4.72
sync:  164580,4.72
sync:  164828,4.73
sync:  165058,4.74
sync:  165299,4.74
sync:  165551,4.75
sync:  165797,4.76
sync:  166054,4.77
sync:  166303,4.77
sync:  166542,4.78
sync:  166877,4.79
sync:  167128,4.8
sync:  167377,4.8
sync:  167624,4.81
sync:  167873,4.82
sync:  168130,4.83
sync:  168366,4.83
sync:  168618,4.84
sync:  168862,4.85
sync:  169101,4.85
sync:  169362,4.86
sync:  169597,4.87
sync:  169849,4.87
sync:  170083,4.88
sync:  170332,4.89
sync:  170578,4.9
sync:  170821,4.9
sync:  171060,4.91
sync:  171327,4.92
sync:  171558,4.92
sync:  171806,4.93
sync:  172050,4.94
sync:  172300,4.94
sync:  172560,4.95
sync:  172803,4.96
sync:  173085,4.97
sync:  173351,4.98
sync:  173700,4.99
sync:  173953,4.99
sync:  174191,5
sync:  174437,5.01
sync:  174680,5.01
sync:  174929,5.02
sync:  175199,5.03
sync:  175410,5.03
sync:  175612,5.04
sync:  175812,5.05
sync:  176013,5.05
sync:  176213,5.06
sync:  176414,5.06
sync:  176620,5.07
sync:  176833,5.08
sync:  177059,5.08
sync:  177318,5.09
sync:  177530,5.1
sync:  177768,5.1
sync:  178012,5.11
sync:  178380,5.12
sync:  178611,5.13
sync:  178852,5.13
sync:  179125,5.14
sync:  179362,5.15
sync:  179612,5.15
sync:  179858,5.16
sync:  180116,5.17
sync:  180350,5.18
sync:  180598,5.18
sync:  180829,5.19
sync:  181088,5.2
sync:  181366,5.21
sync:  181631,5.21
sync:  181893,5.22
sync:  182146,5.23
sync:  182404,5.24
sync:  182641,5.24
sync:  182889,5.25
sync:  183171,5.26
sync:  183431,5.26
sync:  183671,5.27
sync:  183932,5.28
sync:  184172,5.29
sync:  184438,5.29
sync:  184688,5.3
sync:  184962,5.31
sync:  185198,5.32
sync:  185469,5.32
sync:  185720,5.33
sync:  185975,5.34
sync:  186223,5.34
sync:  186466,5.35
sync:  186735,5.36
sync:  187009,5.37
sync:  187263,5.37
sync:  187525,5.38
sync:  187751,5.39
sync:  188008,5.4
sync:  188258,5.4
sync:  188525,5.41
sync:  188786,5.42
sync:  189030,5.43
sync:  189264,5.43
sync:  189512,5.44
sync:  189760,5.45
sync:  189998,5.45
sync:  190256,5.46
sync:  190503,5.47
sync:  190788,5.48
sync:  191026,5.48
sync:  191274,5.49
sync:  191503,5.5
sync:  191746,5.5
sync:  192004,5.51
sync:  192271,5.52
sync:  192520,5.53
sync:  192771,5.53
sync:  193032,5.54
sync:  193272,5.55
sync:  193545,5.56
sync:  193789,5.56
sync:  194057,5.57
sync:  194333,5.58
sync:  194595,5.59
sync:  194840,5.59
sync:  195120,5.6
sync:  195366,5.61
sync:  195631,5.62
sync:  195871,5.62
sync:  196144,5.63
sync:  196398,5.64
sync:  196670,5.65
sync:  196932,5.65
sync:  197186,5.66
sync:  197445,5.67
sync:  197705,5.67
sync:  197951,5.68
sync:  198207,5.69
sync:  198463,5.7
sync:  198813,5.71
sync:  199058,5.71
sync:  199317,5.72
sync:  199564,5.73
sync:  199822,5.74
sync:  200070,5.74
sync:  200334,5.75
sync:  200594,5.76
sync:  200845,5.76
sync:  201123,5.77
sync:  201366,5.78
sync:  201608,5.79
sync:  201849,5.79
sync:  202091,5.8
sync:  202346,5.81
sync:  202614,5.82
sync:  202867,5.82
sync:  203108,5.83
sync:  203373,5.84
sync:  203631,5.85
sync:  203901,5.85
sync:  204162,5.86
sync:  204413,5.87
sync:  204663,5.87
sync:  204920,5.88
sync:  205176,5.89
sync:  205443,5.9
sync:  205689,5.9
sync:  205940,5.91
sync:  206179,5.92
sync:  206447,5.93
sync:  206680,5.93
sync:  206933,5.94
sync:  207190,5.95
sync:  207451,5.95
sync:  207738,5.96
sync:  207998,5.97
sync:  208258,5.98
sync:  208458,5.98
sync:  208660,5.99
sync:  208891,6
sync:  209164,6
sync:  209443,6.01
sync:  209677,6.02
sync:  209950,6.03
sync:  210228,6.03
sync:  210496,6.04
sync:  210722,6.05
sync:  210960,6.06
sync:  211298,6.07
sync:  211563,6.07
sync:  211832,6.08
sync:  212093,6.09
sync:  212370,6.1
sync:  212621,6.1
sync:  212866,6.11
sync:  213145,6.12
sync:  213405,6.13
sync:  213670,6.13
sync:  213941,6.14
sync:  214195,6.15
sync:  214453,6.16
sync:  214710,6.16
sync:  214976,6.17
sync:  215246,6.18
sync:  215496,6.19
sync:  215757,6.19
sync:  216016,6.2
sync:  216285,6.21
sync:  216538,6.22
sync:  216836,6.22
sync:  217037,6.23
sync:  217254,6.24
sync:  217526,6.24
sync:  217787,6.25
sync:  218056,6.26
sync:  218332,6.27
sync:  218606,6.28
sync:  218856,6.28
sync:  219139,6.29
sync:  219390,6.3
sync:  219672,6.31
sync:  219925,6.31
sync:  220208,6.32
sync:  220492,6.33
sync:  220780,6.34
sync:  221067,6.35
sync:  221339,6.35
sync:  221594,6.36
sync:  221849,6.37
sync:  222131,6.38
sync:  222466,6.39
sync:  222723,6.39
sync:  223038,6.4
sync:  223297,6.41
sync:  223599,6.42
sync:  223868,6.43
sync:  224139,6.43
sync:  224388,6.44
sync:  224678,6.45
sync:  224956,6.46
sync:  225225,6.47
sync:  225490,6.47
sync:  225785,6.48
sync:  226057,6.49
sync:  226326,6.5
sync:  226622,6.51
sync:  226910,6.51
sync:  227188,6.52
sync:  227473,6.53
sync:  227765,6.54
sync:  228063,6.55
sync:  228339,6.55
sync:  228742,6.57
sync:  229029,6.57
sync:  229295,6.58
sync:  229559,6.59
sync:  229864,6.6
sync:  230065,6.6
sync:  230283,6.61
sync:  230484,6.62
sync:  230686,6.62
sync:  230913,6.63
sync:  231169,6.64
sync:  231465,6.64
sync:  231742,6.65
sync:  232033,6.66
sync:  232306,6.67
sync:  232599,6.68
sync:  232871,6.69
sync:  233160,6.69
sync:  233452,6.7
sync:  233682,6.71
sync:  233957,6.72
sync:  234223,6.72
sync:  234481,6.73
sync:  234777,6.74
sync:  235037,6.75
sync:  235342,6.76
sync:  235631,6.76
sync:  235931,6.77
sync:  236204,6.78
sync:  236509,6.79
sync:  236763,6.8
sync:  237043,6.8
sync:  237292,6.81
sync:  237565,6.82
sync:  237828,6.83
sync:  238124,6.84
sync:  238371,6.84
sync:  238674,6.85
sync:  238958,6.86
sync:  239249,6.87
sync:  239542,6.88
sync:  239814,6.88
sync:  240113,6.89
sync:  240385,6.9
sync:  240690,6.91
sync:  240995,6.92
sync:  241282,6.93
sync:  241580,6.94
sync:  241873,6.94
sync:  242179,6.95
sync:  242499,6.96
sync:  242782,6.97
sync:  243093,6.98
sync:  243394,6.99
sync:  243702,7
sync:  243999,7
sync:  244279,7.01
sync:  244546,7.02
sync:  244849,7.03
sync:  245101,7.04
sync:  245411,7.05
sync:  245680,7.05
sync:  245940,7.06
sync:  246265,7.07
sync:  246545,7.08
sync:  246835,7.09
sync:  247106,7.09
sync:  247430,7.1
sync:  249064,7.15
sync:  249393,7.16
sync:  249651,7.17
sync:  249921,7.17
sync:  250203,7.18
sync:  250492,7.19
sync:  250803,7.2
sync:  251071,7.21
sync:  251389,7.22
sync:  251685,7.23
sync:  251966,7.23
sync:  252253,7.24
sync:  252520,7.25
sync:  252808,7.26
sync:  253118,7.27
sync:  253436,7.28
sync:  253723,7.28
sync:  254012,7.29
sync:  254301,7.3
sync:  254592,7.31
sync:  254906,7.32
sync:  255199,7.33
sync:  255494,7.33
sync:  255802,7.34
sync:  256116,7.35
sync:  256419,7.36
sync:  256719,7.37
sync:  257030,7.38
sync:  257332,7.39
sync:  257573,7.39
sync:  257827,7.4
sync:  258141,7.41
sync:  258430,7.42
sync:  258743,7.43
sync:  259053,7.44
sync:  259391,7.45
sync:  259688,7.46
sync:  260008,7.46
sync:  260297,7.47
sync:  260631,7.48
sync:  260926,7.49
sync:  261257,7.5
sync:  261537,7.51
sync:  261854,7.52
sync:  262168,7.53
sync:  262500,7.54
sync:  262771,7.54
sync:  263083,7.55
sync:  263380,7.56
sync:  263685,7.57
sync:  263975,7.58
sync:  264294,7.59
sync:  264615,7.6
sync:  264883,7.6
sync:  265205,7.61
sync:  265506,7.62
sync:  265834,7.63
sync:  266124,7.64
sync:  266465,7.65
sync:  266754,7.66
sync:  267098,7.67
sync:  267408,7.68
sync:  267732,7.69
sync:  268043,7.7
sync:  268341,7.7
sync:  268679,7.71
sync:  268998,7.72
sync:  269315,7.73
sync:  269628,7.74
sync:  269928,7.75
sync:  270230,7.76
sync:  270560,7.77
sync:  270886,7.78
sync:  271258,7.79
sync:  271598,7.8
sync:  271940,7.81
sync:  272286,7.82
sync:  272595,7.83
sync:  272947,7.84
sync:  273257,7.85
sync:  273576,7.85
sync:  273894,7.86
sync:  274190,7.87
sync:  274497,7.88
sync:  274801,7.89
sync:  275208,7.9
sync:  275523,7.91
sync:  275915,7.92
sync:  276242,7.93
sync:  276596,7.94
sync:  276931,7.95
sync:  277307,7.96
sync:  277920,7.98
sync:  278281,7.99
sync:  278614,8
sync:  278954,8.01
sync:  279248,8.02
sync:  279588,8.03
sync:  279914,8.04
sync:  280263,8.05
sync:  280631,8.06
sync:  280963,8.07
sync:  281410,8.08
sync:  281815,8.09
sync:  282126,8.1
sync:  282544,8.11
sync:  282857,8.12
sync:  283207,8.13
sync:  283592,8.14
sync:  283879,8.15
sync:  284215,8.16
sync:  284577,8.17
sync:  284966,8.18
sync:  285335,8.19
sync:  285675,8.2
sync:  286040,8.21
sync:  286366,8.22
sync:  286704,8.23
sync:  287033,8.24
sync:  287398,8.25
sync:  287736,8.26
sync:  288074,8.27
sync:  288439,8.28
sync:  288754,8.29
sync:  289164,8.3
sync:  289459,8.31
sync:  289803,8.32
sync:  290212,8.33
sync:  290618,8.34
sync:  291059,8.36
sync:  291294,8.36
sync:  291631,8.37
sync:  292008,8.38
sync:  292309,8.39
sync:  292732,8.4
sync:  293103,8.42
sync:  293479,8.43
sync:  293867,8.44
sync:  294217,8.45
sync:  294582,8.46
sync:  294909,8.47
sync:  295216,8.48
sync:  295588,8.49
sync:  295924,8.5
sync:  296368,8.51
sync:  296747,8.52
sync:  297235,8.53
sync:  297640,8.55
sync:  298028,8.56
sync:  298440,8.57
sync:  298833,8.58
sync:  299259,8.59
sync:  299622,8.6
sync:  299970,8.61
sync:  300324,8.62
sync:  300691,8.63
sync:  301083,8.64
sync:  301469,8.66
sync:  301812,8.67
sync:  302182,8.68
sync:  302585,8.69
sync:  302966,8.7
sync:  303324,8.71
sync:  303747,8.72
sync:  304093,8.73
sync:  304547,8.74
sync:  304983,8.76
sync:  305390,8.77
sync:  305759,8.78
sync:  306178,8.79
sync:  306600,8.8
sync:  307015,8.82
sync:  307402,8.83
sync:  307834,8.84
sync:  308239,8.85
sync:  308650,8.86
sync:  309094,8.87
sync:  309485,8.89
sync:  309951,8.9
sync:  310373,8.91
sync:  310786,8.92
sync:  311232,8.94
sync:  311587,8.95
sync:  311992,8.96
sync:  314083,9.02
sync:  314643,9.03
sync:  315119,9.05
sync:  315567,9.06
sync:  316046,9.07
sync:  316567,9.09
sync:  316972,9.1
sync:  317360,9.11
sync:  317859,9.13
sync:  318267,9.14
sync:  318694,9.15
sync:  318932,9.16
sync:  319290,9.17
sync:  319666,9.18
sync:  320101,9.19
sync:  320544,9.2
sync:  320978,9.22
sync:  321482,9.23
sync:  321883,9.24
sync:  322288,9.25
sync:  322706,9.27
sync:  323144,9.28
sync:  323674,9.29
sync:  324198,9.31
sync:  324689,9.32
sync:  325190,9.34
sync:  325599,9.35
sync:  326066,9.36
sync:  326620,9.38
sync:  327074,9.39
sync:  327463,9.4
sync:  327973,9.42
sync:  328565,9.43
sync:  329081,9.45
sync:  329598,9.46
sync:  330094,9.48
sync:  330523,9.49
sync:  330985,9.5
sync:  331829,9.53
sync:  332340,9.54
sync:  332567,9.55
sync:  332809,9.56
sync:  333470,9.58
sync:  334070,9.59
sync:  334682,9.61
sync:  335105,9.62
sync:  335647,9.64
sync:  336156,9.65
sync:  336612,9.67
sync:  337195,9.68
sync:  337730,9.7
sync:  338524,9.72
sync:  339444,9.75
sync:  340143,9.77
sync:  340992,9.79
sync:  341557,9.81
sync:  342180,9.83
sync:  342856,9.84
sync:  343460,9.86
sync:  344173,9.88
sync:  344894,9.9
sync:  345571,9.92
sync:  346228,9.94
sync:  346909,9.96
sync:  347492,9.98
sync:  348294,10
sync:  349043,10.02
sync:  349677,10.04
sync:  350566,10.07
sync:  351328,10.09
sync:  352192,10.11
sync:  353115,10.14
sync:  353791,10.16
sync:  354936,10.19
sync:  356093,10.23
sync:  357584,10.27
sync:  360530,10.35
sync:  362001,10.39
sync:  363942,10.45
sync:  365637,10.5
sync:  367533,10.55
sync:  369278,10.6
sync:  371327,10.66
sync:  373360,10.72
sync:  375005,10.77
sync:  377052,10.83
sync:  379166,10.89
sync:  381182,10.95
sync:  383685,11.02
sync:  385550,11.07
sync:  387014,11.11
sync:  389481,11.18
sync:  391672,11.25
sync:  393468,11.3
sync:  395410,11.35
sync:  396614,11.39
sync:  398116,11.43
sync:  399433,11.47
sync:  401335,11.52
sync:  403167,11.58
sync:  405159,11.63
sync:  407068,11.69
sync:  408774,11.74
sync:  410053,11.78
sync:  412216,11.84
sync:  414330,11.9
sync:  416343,11.96
sync:  418613,12.02
sync:  420036,12.06
sync:  422235,12.13
sync:  424021,12.18
sync:  426068,12.24
sync:  428416,12.3
sync:  429908,12.35
sync:  431237,12.38
sync:  432971,12.43
sync:  434524,12.48
sync:  436358,12.53
sync:  438289,12.59
sync:  440415,12.65
sync:  442290,12.7
sync:  444232,12.76
sync:  445501,12.79
sync:  446931,12.83
sync:  449274,12.9
sync:  451347,12.96
sync:  453262,13.02
sync:  455239,13.07
sync:  457162,13.13
sync:  459391,13.19
sync:  461138,13.24
sync:  462056,13.27
sync:  463819,13.32
sync:  465638,13.37
sync:  467398,13.42
sync:  469414,13.48
sync:  471501,13.54
sync:  474086,13.61
sync:  476548,13.69
sync:  478670,13.75
sync:  480596,13.8
sync:  481821,13.84
sync:  484136,13.9
sync:  486158,13.96
sync:  488192,14.02
sync:  489958,14.07
sync:  492284,14.14
sync:  493899,14.18
sync:  496025,14.25
sync:  497922,14.3
sync:  499465,14.34
sync:  501279,14.4
sync:  502754,14.44
sync:  504407,14.49
sync:  506782,14.55
sync:  508873,14.61
sync:  510776,14.67
sync:  512552,14.72
sync:  514670,14.78
sync:  516569,14.84
sync:  518431,14.89
sync:  520192,14.94
sync:  521991,14.99
sync:  523931,15.05
sync:  526587,15.12
sync:  528166,15.17
sync:  530381,15.23
sync:  532219,15.28
sync:  533883,15.33
sync:  535816,15.39
sync:  537442,15.43
sync:  539551,15.5
sync:  541753,15.56
sync:  549476,15.78
sync:  551688,15.84
sync:  553928,15.91
sync:  555743,15.96
sync:  558225,16.03
sync:  560654,16.1
sync:  562205,16.15
sync:  564665,16.22
sync:  567132,16.29
sync:  569141,16.35
sync:  571587,16.42
sync:  574536,16.5
sync:  576501,16.56
sync:  577323,16.58
sync:  578772,16.62
sync:  580347,16.67
sync:  581857,16.71
sync:  584070,16.77
sync:  585996,16.83
sync:  586334,16.84
sync:  586595,16.85
sync:  587761,16.88
sync:  589699,16.94
sync:  591826,17
sync:  594402,17.07
sync:  596494,17.13
sync:  598384,17.19
sync:  599101,17.21
sync:  601245,17.27
sync:  603519,17.33
sync:  605864,17.4
sync:  607556,17.45
sync:  608796,17.48
sync:  611413,17.56
sync:  612885,17.6
sync:  614497,17.65
sync:  615932,17.69
sync:  617722,17.74
sync:  619348,17.79
sync:  621640,17.85
sync:  623893,17.92
sync:  625827,17.97
sync:  628512,18.05
sync:  630724,18.11
sync:  632484,18.17
sync:  634832,18.23
sync:  635772,18.26
sync:  637022,18.3
sync:  639295,18.36
sync:  641680,18.43
sync:  643523,18.48
sync:  645806,18.55
sync:  647429,18.59
sync:  649438,18.65
sync:  651403,18.71
sync:  652996,18.75
sync:  654652,18.8
sync:  655792,18.83
sync:  658216,18.9
sync:  659740,18.95
sync:  661485,19
sync:  663954,19.07
sync:  671266,19.28
sync:  673168,19.33
sync:  675196,19.39
sync:  678150,19.48
sync:  680499,19.54
sync:  683640,19.63
sync:  685724,19.69
sync:  688161,19.76
sync:  690236,19.82
sync:  691991,19.87
sync:  693694,19.92
sync:  695457,19.97
sync:  696737,20.01
sync:  698324,20.06
sync:  699879,20.1
sync:  701123,20.14
sync:  702884,20.19
sync:  704747,20.24
sync:  706266,20.28
sync:  708195,20.34
sync:  710754,20.41
sync:  712666,20.47
sync:  714358,20.52
sync:  715937,20.56
sync:  717494,20.61
sync:  719275,20.66
sync:  721326,20.72
sync:  723036,20.77
sync:  725131,20.83
sync:  727181,20.89
sync:  729108,20.94
sync:  731202,21
sync:  732964,21.05
sync:  734890,21.11
sync:  737040,21.17
sync:  739095,21.23
sync:  741126,21.29
sync:  743387,21.35
sync:  745188,21.4
sync:  747183,21.46
sync:  748776,21.51
sync:  750442,21.55
sync:  752554,21.61
sync:  755144,21.69
sync:  757040,21.74
sync:  759094,21.8
sync:  761252,21.86
sync:  762987,21.91
sync:  764575,21.96
sync:  766866,22.03
sync:  768906,22.08
sync:  770545,22.13
sync:  772828,22.2
sync:  775146,22.26
sync:  776874,22.31
sync:  779410,22.39
sync:  781081,22.43
sync:  782579,22.48
sync:  784406,22.53
sync:  786061,22.58
sync:  788117,22.64
sync:  790355,22.7
sync:  792486,22.76
sync:  794240,22.81
sync:  796528,22.88
sync:  798991,22.95
sync:  800429,22.99
sync:  801762,23.03
sync:  805568,23.14
sync:  807548,23.19
sync:  809922,23.26
sync:  810677,23.28
sync:  812446,23.34
sync:  814814,23.4
sync:  816471,23.45
sync:  818445,23.51
sync:  820623,23.57
sync:  822342,23.62
sync:  824404,23.68
sync:  825789,23.72
sync:  827793,23.78
sync:  830252,23.85
sync:  832793,23.92
sync:  834725,23.98
sync:  836952,24.04
sync:  838808,24.09
sync:  840903,24.15
sync:  843265,24.22
sync:  846013,24.3
sync:  848281,24.36
sync:  850275,24.42
sync:  852568,24.49
sync:  854799,24.55
sync:  857506,24.63
sync:  859145,24.68
sync:  861093,24.73
sync:  862962,24.79
sync:  865015,24.85
sync:  870660,25.01
sync:  872391,25.06
sync:  874706,25.12
sync:  879343,25.26
sync:  881844,25.33
sync:  883761,25.38
sync:  892486,25.63
sync:  894220,25.68
sync:  896146,25.74
sync:  898363,25.8
sync:  900153,25.86
sync:  902912,25.93
sync:  905010,25.99
sync:  906908,26.05
sync:  908637,26.1
sync:  910482,26.15
sync:  912299,26.2
sync:  914278,26.26
sync:  918799,26.39
sync:  920621,26.44
sync:  922396,26.49
sync:  924785,26.56
sync:  927432,26.64
sync:  929362,26.69
sync:  931283,26.75
sync:  933611,26.82
sync:  935440,26.87
sync:  937463,26.93
sync:  939732,26.99
sync:  942174,27.06
sync:  944076,27.12
sync:  945612,27.16
sync:  947584,27.22
sync:  949276,27.27
sync:  950896,27.31
sync:  952746,27.37
sync:  954346,27.41
sync:  956284,27.47
sync:  957696,27.51
sync:  959823,27.57
sync:  963249,27.67
sync:  966752,27.77
sync:  968712,27.82
sync:  973872,27.97
sync:  976103,28.04
sync:  978566,28.11
sync:  980880,28.17
sync:  983395,28.25
sync:  984986,28.29
sync:  986103,28.32
sync:  987453,28.36
sync:  989468,28.42
sync:  991406,28.48
sync:  993687,28.54
sync:  996173,28.61
sync:  998498,28.68
sync:  1000323,28.73
sync:  1002334,28.79
sync:  1004283,28.85
sync:  1006550,28.91
sync:  1008220,28.96
sync:  1010568,29.03
sync:  1012984,29.1
sync:  1015277,29.16
sync:  1017387,29.22
sync:  1019370,29.28
sync:  1021562,29.34
sync:  1023452,29.4
sync:  1025753,29.46
sync:  1028363,29.54
sync:  1030063,29.59
sync:  1031763,29.64
sync:  1033898,29.7
sync:  1035932,29.76
sync:  1037998,29.82
sync:  1039970,29.87
sync:  1041823,29.93
sync:  1042945,29.96
sync:  1044435,30
sync:  1046182,30.05
sync:  1047560,30.09
sync:  1049223,30.14
sync:  1051439,30.2
sync:  1053473,30.26
sync:  1055893,30.33
sync:  1058341,30.4
sync:  1060146,30.45
sync:  1062918,30.53
sync:  1065552,30.61
sync:  1067527,30.66
sync:  1069536,30.72
sync:  1071585,30.78
sync:  1073745,30.84
sync:  1075305,30.89
sync:  1077228,30.94
sync:  1079587,31.01
sync:  1081820,31.07
sync:  1083573,31.12
sync:  1086319,31.2
sync:  1088440,31.26
sync:  1090246,31.32
sync:  1092393,31.38
sync:  1094135,31.43
sync:  1095248,31.46
sync:  1097396,31.52
sync:  1099642,31.59
sync:  1101276,31.63
sync:  1104263,31.72
sync:  1106330,31.78
sync:  1108325,31.84
sync:  1110832,31.91
sync:  1113001,31.97
sync:  1115674,32.05
sync:  1118273,32.12
sync:  1121138,32.2
sync:  1123462,32.27
sync:  1125148,32.32
sync:  1127511,32.39
sync:  1129794,32.45
sync:  1131917,32.51
sync:  1133996,32.57
sync:  1136189,32.64
sync:  1138139,32.69
sync:  1139856,32.74
sync:  1141733,32.8
sync:  1143597,32.85
sync:  1146120,32.92
sync:  1147769,32.97
sync:  1150600,33.05
sync:  1152632,33.11
sync:  1152904,33.12
sync:  1155030,33.18
sync:  1157315,33.24
sync:  1159914,33.32
sync:  1162747,33.4
sync:  1164914,33.46
sync:  1166747,33.51
sync:  1168841,33.57
sync:  1170449,33.62
sync:  1172214,33.67
sync:  1175082,33.75
sync:  1177330,33.82
sync:  1179316,33.88
sync:  1181510,33.94
sync:  1183748,34
sync:  1186287,34.08
sync:  1188050,34.13
sync:  1190877,34.21
sync:  1192168,34.24
sync:  1194179,34.3
sync:  1196008,34.35
sync:  1198151,34.42
sync:  1200311,34.48
sync:  1202780,34.55
sync:  1204866,34.61
sync:  1206553,34.66
sync:  1209176,34.73
sync:  1211934,34.81
sync:  1213677,34.86
sync:  1216372,34.94
sync:  1219537,35.03
sync:  1221295,35.08
sync:  1224388,35.17
sync:  1226992,35.24
sync:  1229474,35.32
sync:  1232243,35.4
sync:  1238055,35.56
sync:  1241404,35.66
sync:  1248150,35.85
sync:  1306387,37.53
sync:  1313727,37.74
sync:  1315539,37.79
sync:  1318296,37.87
sync:  1320694,37.94
sync:  1322822,38
sync:  1324123,38.04
sync:  1326778,38.11
sync:  1328832,38.17
sync:  1331538,38.25
sync:  1333516,38.3
sync:  1335918,38.37
sync:  1339038,38.46
sync:  1344279,38.61
sync:  1346281,38.67
sync:  1347743,38.71
sync:  1349634,38.77
sync:  1351962,38.83
sync:  1354616,38.91
sync:  1357587,39
sync:  1359864,39.06
sync:  1365493,39.22
sync:  1370671,39.37
sync:  1376418,39.54
sync:  1380744,39.66
sync:  1386146,39.82
sync:  1392781,40.01
sync:  1397183,40.13
sync:  1403529,40.32
sync:  1408803,40.47
sync:  1414175,40.62
sync:  1420850,40.81
sync:  1426991,40.99
sync:  1432126,41.14
sync:  1438711,41.33
sync:  1443610,41.47
sync:  1448688,41.61
sync:  1455817,41.82
sync:  1459536,41.93
sync:  1464671,42.07
sync:  1471125,42.26
sync:  1476565,42.41
sync:  1480926,42.54
sync:  1485656,42.68
sync:  1492153,42.86
sync:  1496927,43
sync:  1502039,43.15
sync:  1508443,43.33
sync:  1515407,43.53
sync:  1521019,43.69
sync:  1529621,43.94
sync:  1535512,44.11
sync:  1540238,44.24
sync:  1545451,44.39
sync:  1550586,44.54
sync:  1555394,44.68
sync:  1559767,44.8
sync:  1562989,44.9
sync:  1567866,45.04
sync:  1574246,45.22
sync:  1579643,45.38
sync:  1582722,45.46
sync:  1585531,45.54
sync:  1590378,45.68
sync:  1594807,45.81
sync:  1600616,45.98
sync:  1605227,46.11
sync:  1610848,46.27
sync:  1617063,46.45
sync:  1621658,46.58
sync:  1627473,46.75
sync:  1633975,46.94
sync:  1640341,47.12
sync:  1645707,47.27
sync:  1651393,47.44
sync:  1656452,47.58
sync:  1661162,47.72
sync:  1665430,47.84
sync:  1668525,47.93
sync:  1674149,48.09
sync:  1677071,48.17
sync:  1681205,48.29
sync:  1683974,48.37
sync:  1687747,48.48
sync:  1691427,48.59
sync:  1694361,48.67
sync:  1697903,48.77
sync:  1699773,48.83
sync:  1709358,49.1
sync:  1710712,49.14
sync:  1712277,49.19
sync:  1714544,49.25
sync:  1716409,49.3
sync:  1717655,49.34
sync:  1718854,49.38
sync:  1720656,49.43
sync:  1721870,49.46
sync:  1723333,49.5
sync:  1724659,49.54
sync:  1727807,49.63
sync:  1729508,49.68
sync:  1731177,49.73
sync:  1733769,49.8
sync:  1736530,49.88
sync:  1739386,49.96
sync:  1741566,50.03
sync:  1743137,50.07
sync:  1745121,50.13
sync:  1752109,50.33
sync:  1753254,50.36
sync:  1755126,50.42
sync:  1756230,50.45
sync:  1757319,50.48
sync:  1759073,50.53
sync:  1760208,50.56
sync:  1761963,50.61
sync:  1763036,50.64
sync:  1765907,50.73
sync:  1766956,50.76
sync:  1767558,50.77
sync:  1768517,50.8
sync:  1769595,50.83
sync:  1770122,50.85
sync:  1770655,50.86
sync:  1771160,50.88
sync:  1771913,50.9
sync:  1772879,50.93
sync:  1773656,50.95
sync:  1774594,50.98
sync:  1775803,51.01
sync:  1776792,51.04
sync:  1778158,51.08
sync:  1779804,51.13
sync:  1781785,51.18
sync:  1783211,51.22
sync:  1785390,51.29
sync:  1786159,51.31
sync:  1788016,51.36
sync:  1788512,51.38
sync:  1788866,51.39
sync:  1789874,51.42
sync:  1790951,51.45
sync:  1791390,51.46
sync:  1791881,51.47
sync:  1792421,51.49
sync:  1793125,51.51
sync:  1794633,51.55
sync:  1795158,51.57
sync:  1795831,51.59
sync:  1796243,51.6
sync:  1796709,51.61
sync:  1797638,51.64
sync:  1798069,51.65
sync:  1798755,51.67
sync:  1799088,51.68
sync:  1799442,51.69
sync:  1800066,51.71
sync:  1801823,51.76
sync:  1803939,51.82
sync:  1806005,51.88
sync:  1807023,51.91
sync:  1808032,51.94
sync:  1809156,51.97
sync:  1809635,51.98
sync:  1810040,51.99
sync:  1810486,52.01
sync:  1810983,52.02
sync:  1811576,52.04
sync:  1812238,52.06
sync:  1813825,52.1
sync:  1815947,52.16
sync:  1817629,52.21
sync:  1819388,52.26
sync:  1820938,52.31
sync:  1822851,52.36
sync:  1824159,52.4
sync:  1825797,52.45
sync:  1827638,52.5
sync:  1830673,52.59
sync:  1833082,52.66
sync:  1835475,52.73
sync:  1837724,52.79
sync:  1840178,52.86
sync:  1842461,52.93
sync:  1844107,52.97
sync:  1846230,53.03
sync:  1848066,53.09
sync:  1849814,53.14
sync:  1851890,53.2
sync:  1854167,53.26
sync:  1857083,53.35
sync:  1859032,53.4
sync:  1860811,53.45
sync:  1862689,53.51
sync:  1864745,53.57
sync:  1866021,53.6
sync:  1867339,53.64
sync:  1869003,53.69
sync:  1870772,53.74
sync:  1872201,53.78
sync:  1873927,53.83
sync:  1876022,53.89
sync:  1877814,53.94
sync:  1880027,54.01
sync:  1881947,54.06
sync:  1883177,54.1
sync:  1885413,54.16
sync:  1887428,54.22
sync:  1889780,54.29
sync:  1890877,54.32
sync:  1892734,54.37
sync:  1894953,54.43
sync:  1900135,54.58
sync:  1901511,54.62
sync:  1903393,54.68
sync:  1905677,54.74
sync:  1908347,54.82
sync:  1910357,54.88
sync:  1912273,54.93
sync:  1913864,54.98
sync:  1915750,55.03
sync:  1916133,55.04
sync:  1917551,55.08
sync:  1919340,55.13
sync:  1921140,55.19
sync:  1922791,55.23
sync:  1924660,55.29
sync:  1926442,55.34
sync:  1928011,55.38
sync:  1930499,55.46
sync:  1932629,55.52
sync:  1934445,55.57
sync:  1936639,55.63
sync:  1938515,55.69
sync:  1940420,55.74
sync:  1941850,55.78
sync:  1943828,55.84
sync:  1945905,55.9
sync:  1948063,55.96
sync:  1949337,56
sync:  1951201,56.05
sync:  1953548,56.12
sync:  1955867,56.18
sync:  1957794,56.24
sync:  1959417,56.29
sync:  1961816,56.36
sync:  1963747,56.41
sync:  1965944,56.47
sync:  1968031,56.53
sync:  1969493,56.58
sync:  1971041,56.62
sync:  1972441,56.66
sync:  1974159,56.71
sync:  1975161,56.74
sync:  1975779,56.76
sync:  1976224,56.77
sync:  1976851,56.79
sync:  1977383,56.8
sync:  1978137,56.82
sync:  1978600,56.84
sync:  1979062,56.85
sync:  1979536,56.86
sync:  1980297,56.89
sync:  1980870,56.9
sync:  1981502,56.92
sync:  1982124,56.94
sync:  1982870,56.96
sync:  1983352,56.97
sync:  1984043,56.99
sync:  1985184,57.03
sync:  1986687,57.07
sync:  1988492,57.12
sync:  1990234,57.17
sync:  1991438,57.21
sync:  1993483,57.26
sync:  1995067,57.31
sync:  1996937,57.36
sync:  1998997,57.42
sync:  2000822,57.48
sync:  2001927,57.51
sync:  2003396,57.55
sync:  2005584,57.61
sync:  2007916,57.68
sync:  2012364,57.81
sync:  2014377,57.87
sync:  2016332,57.92
sync:  2019565,58.01
sync:  2020245,58.03
sync:  2020907,58.05
sync:  2022337,58.09
sync:  2023865,58.14
sync:  2027642,58.25
sync:  2029955,58.31
sync:  2031459,58.36
sync:  2036833,58.51
sync:  2038488,58.56
sync:  2039715,58.59
sync:  2045109,58.75
sync:  2047085,58.8
sync:  2049150,58.86
sync:  2054746,59.02
sync:  2059118,59.15
sync:  2062389,59.24
sync:  2064419,59.3
sync:  2065382,59.33
sync:  2065584,59.34
sync:  2065791,59.34
sync:  2065999,59.35
sync:  2066199,59.35
sync:  2066401,59.36
sync:  2066609,59.37
sync:  2066812,59.37
sync:  2067013,59.38
sync:  2067223,59.38
sync:  2067426,59.39
sync:  2067629,59.39
sync:  2067832,59.4
sync:  2068037,59.41
sync:  2068243,59.41
sync:  2068445,59.42
sync:  2068650,59.42
sync:  2068853,59.43
sync:  2069059,59.44
sync:  2069260,59.44
sync:  2069461,59.45
sync:  2069664,59.45
sync:  2069866,59.46
sync:  2070328,59.47
sync:  2072255,59.53
sync:  2074016,59.58
sync:  2075953,59.63
sync:  2078151,59.7
sync:  2080314,59.76
sync:  2082676,59.83
sync:  2084763,59.89
sync:  2087434,59.96
sync:  2088782,60
sync:  2089761,60.03
sync:  2091185,60.07
sync:  2092744,60.12
sync:  2094316,60.16
sync:  2095989,60.21
sync:  2097434,60.25
sync:  2098695,60.29
sync:  2100476,60.34
sync:  2102028,60.38
sync:  2103793,60.43
sync:  2105388,60.48
sync:  2107035,60.53
sync:  2108818,60.58
sync:  2110651,60.63
sync:  2112240,60.68
sync:  2113804,60.72
sync:  2115349,60.77
sync:  2117084,60.82
sync:  2118802,60.87
sync:  2121330,60.94
sync:  2125464,61.06
sync:  2125700,61.06
sync:  2125947,61.07
sync:  2126195,61.08
sync:  2126451,61.08
sync:  2126695,61.09
sync:  2126942,61.1
sync:  2127647,61.12
sync:  2127853,61.13
sync:  2128078,61.13
sync:  2128281,61.14
sync:  2128483,61.14
sync:  2128685,61.15
sync:  2128888,61.15
sync:  2129091,61.16
sync:  2129291,61.17
sync:  2129492,61.17
sync:  2129692,61.18
sync:  2129894,61.18
sync:  2130101,61.19
sync:  2130303,61.2
sync:  2130507,61.2
sync:  2130710,61.21
sync:  2131014,61.22
sync:  2132888,61.27
sync:  2134606,61.32
sync:  2136093,61.36
sync:  2138012,61.42
sync:  2139396,61.46
sync:  2141768,61.52
sync:  2143220,61.57
sync:  2145731,61.64
sync:  2148381,61.71
sync:  2148582,61.72
sync:  2148785,61.73
sync:  2148986,61.73
sync:  2149193,61.74
sync:  2149395,61.74
sync:  2149597,61.75
sync:  2149798,61.76
sync:  2150002,61.76
sync:  2150203,61.77
sync:  2150405,61.77
sync:  2150605,61.78
sync:  2150805,61.78
sync:  2151006,61.79
sync:  2151207,61.8
sync:  2151418,61.8
sync:  2152683,61.84
sync:  2153691,61.87
sync:  2155130,61.91
sync:  2156387,61.94
sync:  2157534,61.98
sync:  2158522,62.01
sync:  2159605,62.04
sync:  2161137,62.08
sync:  2163395,62.15
sync:  2165064,62.19
sync:  2166657,62.24
sync:  2168622,62.3
sync:  2170809,62.36
sync:  2175821,62.5
sync:  2177774,62.56
sync:  2179308,62.6
sync:  2181605,62.67
sync:  2183514,62.72
sync:  2184818,62.76
sync:  2186490,62.81
sync:  2188217,62.86
sync:  2189952,62.91
sync:  2191784,62.96
sync:  2195486,63.07
sync:  2196867,63.11
sync:  2198642,63.16
sync:  2200367,63.21
sync:  2202292,63.26
sync:  2203898,63.31
sync:  2205234,63.35
sync:  2206863,63.39
sync:  2208314,63.44
sync:  2209558,63.47
sync:  2210786,63.51
sync:  2212431,63.55
sync:  2214517,63.61
sync:  2216349,63.67
sync:  2217671,63.71
sync:  2219446,63.76
sync:  2221325,63.81
sync:  2223267,63.87
sync:  2224925,63.91
sync:  2227726,63.99
sync:  2229362,64.04
sync:  2231278,64.1
sync:  2233335,64.16
sync:  2235543,64.22
sync:  2237446,64.27
sync:  2239290,64.33
sync:  2240935,64.37
sync:  2242617,64.42
sync:  2244240,64.47
sync:  2245854,64.52
sync:  2248653,64.6
sync:  2251498,64.68
sync:  2253213,64.73
sync:  2254976,64.78
sync:  2256786,64.83
sync:  2258170,64.87
sync:  2259907,64.92
sync:  2262186,64.98
sync:  2264575,65.05
sync:  2266361,65.1
sync:  2267824,65.15
sync:  2269444,65.19
sync:  2271475,65.25
sync:  2273277,65.3
sync:  2274611,65.34
sync:  2276000,65.38
sync:  2276858,65.41
sync:  2278149,65.44
sync:  2281914,65.55
sync:  2284122,65.61
sync:  2285859,65.66
sync:  2287795,65.72
sync:  2289735,65.78
sync:  2291721,65.83
sync:  2293714,65.89
sync:  2295363,65.94
sync:  2297146,65.99
sync:  2299471,66.06
sync:  2301870,66.12
sync:  2303492,66.17
sync:  2304704,66.21
sync:  2306281,66.25
sync:  2307286,66.28
sync:  2307578,66.29
sync:  2309028,66.33
sync:  2311118,66.39
sync:  2312954,66.44
sync:  2314925,66.5
sync:  2316297,66.54
sync:  2317402,66.57
sync:  2319144,66.62
sync:  2320780,66.67
sync:  2321865,66.7
sync:  2322720,66.72
sync:  2323719,66.75
sync:  2325667,66.81
sync:  2327526,66.86
sync:  2329400,66.92
sync:  2331423,66.97
sync:  2333532,67.03
sync:  2335187,67.08
sync:  2336611,67.12
sync:  2338457,67.18
sync:  2340034,67.22
sync:  2341697,67.27
sync:  2343199,67.31
sync:  2345233,67.37
sync:  2347024,67.42
sync:  2349622,67.5
sync:  2351119,67.54
sync:  2352467,67.58
sync:  2353679,67.61
sync:  2355159,67.66
sync:  2356879,67.7
sync:  2358102,67.74
sync:  2359381,67.78
sync:  2361263,67.83
sync:  2363418,67.89
sync:  2365362,67.95
sync:  2367092,68
sync:  2368855,68.05
sync:  2371169,68.12
sync:  2373232,68.17
sync:  2374986,68.22
sync:  2376822,68.28
sync:  2378758,68.33
sync:  2380733,68.39
sync:  2382524,68.44
sync:  2384110,68.49
sync:  2385456,68.53
sync:  2387231,68.58
sync:  2389225,68.63
sync:  2390812,68.68
sync:  2392362,68.72
sync:  2394163,68.78
sync:  2396546,68.84
sync:  2398103,68.89
sync:  2399877,68.94
sync:  2400945,68.97
sync:  2402188,69.01
sync:  2403856,69.05
sync:  2405430,69.1
sync:  2406795,69.14
sync:  2408484,69.19
sync:  2410316,69.24
sync:  2411501,69.27
sync:  2413176,69.32
sync:  2414812,69.37
sync:  2416185,69.41
sync:  2418029,69.46
sync:  2419994,69.52
sync:  2421761,69.57
sync:  2423600,69.62
sync:  2425505,69.68
sync:  2427215,69.73
sync:  2428705,69.77
sync:  2430112,69.81
sync:  2432185,69.87
sync:  2433908,69.92
sync:  2435619,69.97
sync:  2437501,70.02
sync:  2439232,70.07
sync:  2441779,70.14
sync:  2443710,70.2
sync:  2445428,70.25
sync:  2447226,70.3
sync:  2449283,70.36
sync:  2450795,70.4
sync:  2451570,70.42
sync:  2452324,70.45
sync:  2452886,70.46
sync:  2453776,70.49
sync:  2454459,70.51
sync:  2454951,70.52
sync:  2455398,70.53
sync:  2456543,70.57
sync:  2457851,70.61
sync:  2459048,70.64
sync:  2460723,70.69
sync:  2462452,70.74
sync:  2464440,70.79
sync:  2466254,70.85
sync:  2467992,70.9
sync:  2469811,70.95
sync:  2471272,70.99
sync:  2472626,71.03
sync:  2474166,71.07
sync:  2474615,71.09
sync:  2475040,71.1
sync:  2476176,71.13
sync:  2478145,71.19
sync:  2479480,71.23
sync:  2481156,71.27
sync:  2483437,71.34
sync:  2485279,71.39
sync:  2487109,71.45
sync:  2488668,71.49
sync:  2490305,71.54
sync:  2492033,71.59
sync:  2493776,71.64
sync:  2495740,71.69
sync:  2497121,71.73
sync:  2498964,71.79
sync:  2500929,71.84
sync:  2502954,71.9
sync:  2504390,71.94
sync:  2505988,71.99
sync:  2507180,72.02
sync:  2508654,72.06
sync:  2510154,72.11
sync:  2511297,72.14
sync:  2513117,72.19
sync:  2514890,72.24
sync:  2516929,72.3
sync:  2518569,72.35
sync:  2520360,72.4
sync:  2522359,72.46
sync:  2524296,72.51
sync:  2526288,72.57
sync:  2528066,72.62
sync:  2529942,72.68
sync:  2531283,72.72
sync:  2533409,72.78
sync:  2535046,72.82
sync:  2536526,72.87
sync:  2537937,72.91
sync:  2540010,72.97
sync:  2541663,73.01
sync:  2543649,73.07
sync:  2545794,73.13
sync:  2546973,73.17
sync:  2548931,73.22
sync:  2550681,73.27
sync:  2552707,73.33
sync:  2553798,73.36
sync:  2555243,73.4
sync:  2556824,73.45
sync:  2559165,73.52
sync:  2560190,73.55
sync:  2561705,73.59
sync:  2563033,73.63
sync:  2564660,73.67
sync:  2566235,73.72
sync:  2569042,73.8
sync:  2572042,73.89
sync:  2574019,73.94
sync:  2575839,74
sync:  2577782,74.05
sync:  2579664,74.1
sync:  2583066,74.2
sync:  2584197,74.24
sync:  2586316,74.3
sync:  2588442,74.36
sync:  2590512,74.42
sync:  2592323,74.47
sync:  2594076,74.52
sync:  2596037,74.58
sync:  2597643,74.62
sync:  2599311,74.67
sync:  2600642,74.71
sync:  2602006,74.75
sync:  2604002,74.8
sync:  2606468,74.87
sync:  2608045,74.92
sync:  2609478,74.96
sync:  2611738,75.03
sync:  2612931,75.06
sync:  2614395,75.1
sync:  2615763,75.14
sync:  2617280,75.19
sync:  2618781,75.23
sync:  2620256,75.27
sync:  2622345,75.33
sync:  2623921,75.38
sync:  2625393,75.42
sync:  2627584,75.48
sync:  2630508,75.57
sync:  2632201,75.61
sync:  2633871,75.66
sync:  2635859,75.72
sync:  2637968,75.78
sync:  2640152,75.84
sync:  2640682,75.86
sync:  2642150,75.9
sync:  2643501,75.94
sync:  2644622,75.97
sync:  2646518,76.03
sync:  2647862,76.06
sync:  2649443,76.11
sync:  2650698,76.15
sync:  2652224,76.19
sync:  2653741,76.23
sync:  2655534,76.28
sync:  2657311,76.34
sync:  2658743,76.38
sync:  2660381,76.42
sync:  2661457,76.45
sync:  2662832,76.49
sync:  2664238,76.53
sync:  2665787,76.58
sync:  2667175,76.62
sync:  2668751,76.66
sync:  2669933,76.7
sync:  2676724,76.89
sync:  2677510,76.92
sync:  2678941,76.96
sync:  2680506,77
sync:  2685303,77.14
sync:  2686489,77.17
sync:  2687563,77.2
sync:  2688854,77.24
sync:  2689741,77.27
sync:  2691263,77.31
sync:  2692887,77.36
sync:  2694379,77.4
sync:  2696015,77.45
sync:  2697509,77.49
sync:  2698776,77.53
sync:  2700600,77.58
sync:  2702690,77.64
sync:  2704083,77.68
sync:  2705253,77.71
sync:  2706900,77.76
sync:  2708359,77.8
sync:  2710120,77.85
sync:  2711091,77.88
sync:  2712025,77.91
sync:  2713765,77.96
sync:  2715373,78
sync:  2716819,78.05
sync:  2718283,78.09
sync:  2719434,78.12
sync:  2721158,78.17
sync:  2722801,78.22
sync:  2724791,78.27
sync:  2726296,78.32
sync:  2727636,78.36
sync:  2729380,78.41
sync:  2731374,78.46
sync:  2733081,78.51
sync:  2735209,78.57
sync:  2736624,78.61
sync:  2738082,78.66
sync:  2739856,78.71
sync:  2741273,78.75
sync:  2742975,78.8
sync:  2744462,78.84
sync:  2745880,78.88
sync:  2747360,78.92
sync:  2748650,78.96
sync:  2751257,79.03
sync:  2753213,79.09
sync:  2754906,79.14
sync:  2756495,79.19
sync:  2758417,79.24
sync:  2760459,79.3
sync:  2761743,79.34
sync:  2762924,79.37
sync:  2764012,79.4
sync:  2765289,79.44
sync:  2766237,79.46
sync:  2767422,79.5
sync:  2768292,79.52
sync:  2769789,79.57
sync:  2771542,79.62
sync:  2773446,79.67
sync:  2774831,79.71
sync:  2776289,79.75
sync:  2777721,79.79
sync:  2779305,79.84
sync:  2781047,79.89
sync:  2782478,79.93
sync:  2783877,79.97
sync:  2785508,80.02
sync:  2787261,80.07
sync:  2788812,80.11
sync:  2790052,80.15
sync:  2792116,80.21
sync:  2793483,80.25
sync:  2794977,80.29
sync:  2796664,80.34
sync:  2798593,80.39
sync:  2800508,80.45
sync:  2802100,80.5
sync:  2803152,80.53
sync:  2803949,80.55
sync:  2804754,80.57
sync:  2806296,80.62
sync:  2807981,80.66
sync:  2809447,80.71
sync:  2810796,80.75
sync:  2812054,80.78
sync:  2813256,80.82
sync:  2814704,80.86
sync:  2815981,80.89
sync:  2816842,80.92
sync:  2818214,80.96
sync:  2819772,81
sync:  2821749,81.06
sync:  2823271,81.1
sync:  2824524,81.14
sync:  2826134,81.19
sync:  2827731,81.23
sync:  2828599,81.26
sync:  2830317,81.31
sync:  2831812,81.35
sync:  2833511,81.4
sync:  2834934,81.44
sync:  2836933,81.5
sync:  2838881,81.55
sync:  2840883,81.61
sync:  2842042,81.64
sync:  2843424,81.68
sync:  2844937,81.73
sync:  2846282,81.76
sync:  2847688,81.8
sync:  2849223,81.85
sync:  2850661,81.89
sync:  2852338,81.94
sync:  2854026,81.99
sync:  2855402,82.03
sync:  2856783,82.07
sync:  2858092,82.1
sync:  2859122,82.13
sync:  2860668,82.18
sync:  2862206,82.22
sync:  2863477,82.26
sync:  2864801,82.3
sync:  2866068,82.33
sync:  2867616,82.38
